mode: set
github.com/leviceccato/clarity/utility/slice_string_difference.go:5.52,8.28 3 1
github.com/leviceccato/clarity/utility/slice_string_difference.go:19.2,19.22 1 1
github.com/leviceccato/clarity/utility/slice_string_difference.go:8.28,9.29 1 1
github.com/leviceccato/clarity/utility/slice_string_difference.go:14.3,14.21 1 1
github.com/leviceccato/clarity/utility/slice_string_difference.go:17.3,17.24 1 1
github.com/leviceccato/clarity/utility/slice_string_difference.go:9.29,10.26 1 1
github.com/leviceccato/clarity/utility/slice_string_difference.go:10.26,12.5 1 1
github.com/leviceccato/clarity/utility/slice_string_difference.go:14.21,16.4 1 1
github.com/leviceccato/clarity/world/start.go:16.38,22.28 4 0
github.com/leviceccato/clarity/world/start.go:32.2,34.15 2 0
github.com/leviceccato/clarity/world/start.go:22.28,24.17 2 0
github.com/leviceccato/clarity/world/start.go:27.3,29.22 3 0
github.com/leviceccato/clarity/world/start.go:24.17,26.4 1 0
github.com/leviceccato/clarity/world/start.go:37.25,38.2 0 0
github.com/leviceccato/clarity/world/start.go:40.27,41.2 0 0
github.com/leviceccato/clarity/world/start.go:43.45,44.2 0 0
github.com/leviceccato/clarity/world/start.go:46.26,47.2 0 0
github.com/leviceccato/clarity/world/start.go:49.25,50.2 0 0
github.com/leviceccato/clarity/world/world.go:28.50,30.2 1 1
github.com/leviceccato/clarity/world/world.go:32.47,34.2 1 1
github.com/leviceccato/clarity/world/world.go:36.34,38.2 1 0
github.com/leviceccato/clarity/world/world.go:40.44,42.2 1 0
github.com/leviceccato/clarity/world/world.go:47.33,51.35 4 1
github.com/leviceccato/clarity/world/world.go:51.35,52.37 1 1
github.com/leviceccato/clarity/world/world.go:52.37,54.53 2 1
github.com/leviceccato/clarity/world/world.go:60.4,60.21 1 1
github.com/leviceccato/clarity/world/world.go:63.4,63.24 1 1
github.com/leviceccato/clarity/world/world.go:54.53,56.22 2 1
github.com/leviceccato/clarity/world/world.go:56.22,58.6 1 1
github.com/leviceccato/clarity/world/world.go:60.21,62.5 1 0
